<?xml version="1.0" encoding="UTF-8" standalone="no"?>
<!DOCTYPE log SYSTEM "logger.dtd">
<log>
<record>
  <date>2019-08-06T09:07:39</date>
  <millis>1565107659415</millis>
  <sequence>0</sequence>
  <level>START</level>
  <class>com.kms.katalon.core.logging.XmlKeywordLogger</class>
  <method>startSuite</method>
  <thread>1</thread>
  <message>Start Test Suite : Test Suites/ApiAndSoap</message>
  <nestedLevel>0</nestedLevel>
  <property name="name">ApiAndSoap</property>
  <property name="description"></property>
  <property name="id">Test Suites/ApiAndSoap</property>
</record>
<record>
  <date>2019-08-06T09:07:39</date>
  <millis>1565107659429</millis>
  <sequence>1</sequence>
  <level>RUN_DATA</level>
  <class>com.kms.katalon.core.logging.XmlKeywordLogger</class>
  <method>logMessage</method>
  <thread>1</thread>
  <message>hostName = Hamza - DESKTOP-82PEALJ</message>
  <nestedLevel>0</nestedLevel>
  <property name="hostName">Hamza - DESKTOP-82PEALJ</property>
</record>
<record>
  <date>2019-08-06T09:07:39</date>
  <millis>1565107659430</millis>
  <sequence>2</sequence>
  <level>RUN_DATA</level>
  <class>com.kms.katalon.core.logging.XmlKeywordLogger</class>
  <method>logMessage</method>
  <thread>1</thread>
  <message>os = Windows 10 64bit</message>
  <nestedLevel>0</nestedLevel>
  <property name="os">Windows 10 64bit</property>
</record>
<record>
  <date>2019-08-06T09:07:39</date>
  <millis>1565107659430</millis>
  <sequence>3</sequence>
  <level>RUN_DATA</level>
  <class>com.kms.katalon.core.logging.XmlKeywordLogger</class>
  <method>logMessage</method>
  <thread>1</thread>
  <message>hostAddress = 192.168.1.128</message>
  <nestedLevel>0</nestedLevel>
  <property name="hostAddress">192.168.1.128</property>
</record>
<record>
  <date>2019-08-06T09:07:39</date>
  <millis>1565107659431</millis>
  <sequence>4</sequence>
  <level>RUN_DATA</level>
  <class>com.kms.katalon.core.logging.XmlKeywordLogger</class>
  <method>logMessage</method>
  <thread>1</thread>
  <message>katalonVersion = 6.2.0.1</message>
  <nestedLevel>0</nestedLevel>
  <property name="katalonVersion">6.2.0.1</property>
</record>
<record>
  <date>2019-08-06T09:07:39</date>
  <millis>1565107659627</millis>
  <sequence>5</sequence>
  <level>START</level>
  <class>com.kms.katalon.core.logging.XmlKeywordLogger</class>
  <method>startTest</method>
  <thread>1</thread>
  <message>Start Test Case : Test Cases/ApiTC</message>
  <nestedLevel>1</nestedLevel>
  <property name="name">Test Cases/ApiTC</property>
  <property name="description"></property>
  <property name="id">Test Cases/ApiTC</property>
  <property name="source">C:\\Users\\Hamza\\Katalon Studio\\ApiPartOne\\Test Cases\\ApiTC.tc</property>
  <property name="tag"></property>
  <property name="isOptional">false</property>
</record>
<record>
  <date>2019-08-06T09:07:39</date>
  <millis>1565107659993</millis>
  <sequence>7</sequence>
  <level>START</level>
  <class>com.kms.katalon.core.logging.XmlKeywordLogger</class>
  <method>startKeyword</method>
  <thread>1</thread>
  <message>Start action : responseOne = sendRequest(findTestObject(\&amp;quot;API_Reset/requestGet\&amp;quot;))</message>
  <nestedLevel>1</nestedLevel>
  <property name="startLine">16</property>
  <property name="stepIndex">1</property>
</record>
<record>
  <date>2019-08-06T09:07:41</date>
  <millis>1565107661698</millis>
  <sequence>11</sequence>
  <level>INFO</level>
  <class>com.kms.katalon.core.logging.XmlKeywordLogger</class>
  <method>logMessage</method>
  <thread>1</thread>
  <message>HAR: C:\\Users\\Hamza\\Katalon Studio\\ApiPartOne\\Reports\\ApiAndSoap\\20190806_090737\\requests\\main\\0.har</message>
  <nestedLevel>1</nestedLevel>
  <property name="harId">3bb3e9d2-25af-4937-b627-48170378f926</property>
</record>
<record>
  <date>2019-08-06T09:07:41</date>
  <millis>1565107661787</millis>
  <sequence>12</sequence>
  <level>PASSED</level>
  <class>com.kms.katalon.core.logging.XmlKeywordLogger</class>
  <method>logMessage</method>
  <thread>1</thread>
  <message>Send request successfully</message>
  <nestedLevel>1</nestedLevel>
</record>
<record>
  <date>2019-08-06T09:07:41</date>
  <millis>1565107661787</millis>
  <sequence>13</sequence>
  <level>END</level>
  <class>com.kms.katalon.core.logging.XmlKeywordLogger</class>
  <method>endKeyword</method>
  <thread>1</thread>
  <message>End action : responseOne = sendRequest(findTestObject(\&amp;quot;API_Reset/requestGet\&amp;quot;))</message>
  <nestedLevel>1</nestedLevel>
</record>
<record>
  <date>2019-08-06T09:07:41</date>
  <millis>1565107661788</millis>
  <sequence>14</sequence>
  <level>START</level>
  <class>com.kms.katalon.core.logging.XmlKeywordLogger</class>
  <method>startKeyword</method>
  <thread>1</thread>
  <message>Start action : responseTwo = sendRequest(findTestObject(\&amp;quot;API_Reset/resquestPost\&amp;quot;))</message>
  <nestedLevel>1</nestedLevel>
  <property name="startLine">18</property>
  <property name="stepIndex">2</property>
</record>
<record>
  <date>2019-08-06T09:07:42</date>
  <millis>1565107662212</millis>
  <sequence>18</sequence>
  <level>INFO</level>
  <class>com.kms.katalon.core.logging.XmlKeywordLogger</class>
  <method>logMessage</method>
  <thread>1</thread>
  <message>HAR: C:\\Users\\Hamza\\Katalon Studio\\ApiPartOne\\Reports\\ApiAndSoap\\20190806_090737\\requests\\main\\1.har</message>
  <nestedLevel>1</nestedLevel>
  <property name="harId">6126407c-7785-4bcd-9f63-b320958e2fc8</property>
</record>
<record>
  <date>2019-08-06T09:07:42</date>
  <millis>1565107662218</millis>
  <sequence>19</sequence>
  <level>PASSED</level>
  <class>com.kms.katalon.core.logging.XmlKeywordLogger</class>
  <method>logMessage</method>
  <thread>1</thread>
  <message>Send request successfully</message>
  <nestedLevel>1</nestedLevel>
</record>
<record>
  <date>2019-08-06T09:07:42</date>
  <millis>1565107662219</millis>
  <sequence>20</sequence>
  <level>END</level>
  <class>com.kms.katalon.core.logging.XmlKeywordLogger</class>
  <method>endKeyword</method>
  <thread>1</thread>
  <message>End action : responseTwo = sendRequest(findTestObject(\&amp;quot;API_Reset/resquestPost\&amp;quot;))</message>
  <nestedLevel>1</nestedLevel>
</record>
<record>
  <date>2019-08-06T09:07:42</date>
  <millis>1565107662220</millis>
  <sequence>21</sequence>
  <level>START</level>
  <class>com.kms.katalon.core.logging.XmlKeywordLogger</class>
  <method>startKeyword</method>
  <thread>1</thread>
  <message>Start action : responseThree = sendRequest(findTestObject(\&amp;quot;API_Reset/patchRequest\&amp;quot;))</message>
  <nestedLevel>1</nestedLevel>
  <property name="startLine">20</property>
  <property name="stepIndex">3</property>
</record>
<record>
  <date>2019-08-06T09:07:42</date>
  <millis>1565107662579</millis>
  <sequence>25</sequence>
  <level>INFO</level>
  <class>com.kms.katalon.core.logging.XmlKeywordLogger</class>
  <method>logMessage</method>
  <thread>1</thread>
  <message>HAR: C:\\Users\\Hamza\\Katalon Studio\\ApiPartOne\\Reports\\ApiAndSoap\\20190806_090737\\requests\\main\\2.har</message>
  <nestedLevel>1</nestedLevel>
  <property name="harId">7149318c-cfea-4f9d-ab64-c3de49f8cd71</property>
</record>
<record>
  <date>2019-08-06T09:07:42</date>
  <millis>1565107662581</millis>
  <sequence>26</sequence>
  <level>PASSED</level>
  <class>com.kms.katalon.core.logging.XmlKeywordLogger</class>
  <method>logMessage</method>
  <thread>1</thread>
  <message>Send request successfully</message>
  <nestedLevel>1</nestedLevel>
</record>
<record>
  <date>2019-08-06T09:07:42</date>
  <millis>1565107662582</millis>
  <sequence>27</sequence>
  <level>END</level>
  <class>com.kms.katalon.core.logging.XmlKeywordLogger</class>
  <method>endKeyword</method>
  <thread>1</thread>
  <message>End action : responseThree = sendRequest(findTestObject(\&amp;quot;API_Reset/patchRequest\&amp;quot;))</message>
  <nestedLevel>1</nestedLevel>
</record>
<record>
  <date>2019-08-06T09:07:42</date>
  <millis>1565107662583</millis>
  <sequence>28</sequence>
  <level>START</level>
  <class>com.kms.katalon.core.logging.XmlKeywordLogger</class>
  <method>startKeyword</method>
  <thread>1</thread>
  <message>Start action : responseFour = sendRequest(findTestObject(\&amp;quot;API_Reset/requestPut\&amp;quot;))</message>
  <nestedLevel>1</nestedLevel>
  <property name="startLine">22</property>
  <property name="stepIndex">4</property>
</record>
<record>
  <date>2019-08-06T09:07:42</date>
  <millis>1565107662969</millis>
  <sequence>32</sequence>
  <level>INFO</level>
  <class>com.kms.katalon.core.logging.XmlKeywordLogger</class>
  <method>logMessage</method>
  <thread>1</thread>
  <message>HAR: C:\\Users\\Hamza\\Katalon Studio\\ApiPartOne\\Reports\\ApiAndSoap\\20190806_090737\\requests\\main\\3.har</message>
  <nestedLevel>1</nestedLevel>
  <property name="harId">3172919c-9d4a-482b-a020-a60b1e3d6687</property>
</record>
<record>
  <date>2019-08-06T09:07:42</date>
  <millis>1565107662971</millis>
  <sequence>33</sequence>
  <level>PASSED</level>
  <class>com.kms.katalon.core.logging.XmlKeywordLogger</class>
  <method>logMessage</method>
  <thread>1</thread>
  <message>Send request successfully</message>
  <nestedLevel>1</nestedLevel>
</record>
<record>
  <date>2019-08-06T09:07:42</date>
  <millis>1565107662971</millis>
  <sequence>34</sequence>
  <level>END</level>
  <class>com.kms.katalon.core.logging.XmlKeywordLogger</class>
  <method>endKeyword</method>
  <thread>1</thread>
  <message>End action : responseFour = sendRequest(findTestObject(\&amp;quot;API_Reset/requestPut\&amp;quot;))</message>
  <nestedLevel>1</nestedLevel>
</record>
<record>
  <date>2019-08-06T09:07:42</date>
  <millis>1565107662972</millis>
  <sequence>35</sequence>
  <level>START</level>
  <class>com.kms.katalon.core.logging.XmlKeywordLogger</class>
  <method>startKeyword</method>
  <thread>1</thread>
  <message>Start action : responseFive = sendRequest(findTestObject(\&amp;quot;API_Reset/deleteRequest\&amp;quot;))</message>
  <nestedLevel>1</nestedLevel>
  <property name="startLine">24</property>
  <property name="stepIndex">5</property>
</record>
<record>
  <date>2019-08-06T09:07:43</date>
  <millis>1565107663338</millis>
  <sequence>39</sequence>
  <level>INFO</level>
  <class>com.kms.katalon.core.logging.XmlKeywordLogger</class>
  <method>logMessage</method>
  <thread>1</thread>
  <message>HAR: C:\\Users\\Hamza\\Katalon Studio\\ApiPartOne\\Reports\\ApiAndSoap\\20190806_090737\\requests\\main\\4.har</message>
  <nestedLevel>1</nestedLevel>
  <property name="harId">f65297f5-3ef3-4742-a6a5-3ad05e41a756</property>
</record>
<record>
  <date>2019-08-06T09:07:43</date>
  <millis>1565107663340</millis>
  <sequence>40</sequence>
  <level>PASSED</level>
  <class>com.kms.katalon.core.logging.XmlKeywordLogger</class>
  <method>logMessage</method>
  <thread>1</thread>
  <message>Send request successfully</message>
  <nestedLevel>1</nestedLevel>
</record>
<record>
  <date>2019-08-06T09:07:43</date>
  <millis>1565107663340</millis>
  <sequence>41</sequence>
  <level>END</level>
  <class>com.kms.katalon.core.logging.XmlKeywordLogger</class>
  <method>endKeyword</method>
  <thread>1</thread>
  <message>End action : responseFive = sendRequest(findTestObject(\&amp;quot;API_Reset/deleteRequest\&amp;quot;))</message>
  <nestedLevel>1</nestedLevel>
</record>
<record>
  <date>2019-08-06T09:07:43</date>
  <millis>1565107663341</millis>
  <sequence>42</sequence>
  <level>START</level>
  <class>com.kms.katalon.core.logging.XmlKeywordLogger</class>
  <method>startKeyword</method>
  <thread>1</thread>
  <message>Start action : println(verifyElementPropertyValue(responseOne, \&amp;quot;data[0].email\&amp;quot;, \&amp;quot;eve.holt@reqres.in\&amp;quot;))</message>
  <nestedLevel>1</nestedLevel>
  <property name="startLine">26</property>
  <property name="stepIndex">6</property>
</record>
<record>
  <date>2019-08-06T09:07:43</date>
  <millis>1565107663398</millis>
  <sequence>44</sequence>
  <level>PASSED</level>
  <class>com.kms.katalon.core.logging.XmlKeywordLogger</class>
  <method>logMessage</method>
  <thread>1</thread>
  <message>Verify element property value successfully</message>
  <nestedLevel>1</nestedLevel>
</record>
<record>
  <date>2019-08-06T09:07:43</date>
  <millis>1565107663418</millis>
  <sequence>45</sequence>
  <level>END</level>
  <class>com.kms.katalon.core.logging.XmlKeywordLogger</class>
  <method>endKeyword</method>
  <thread>1</thread>
  <message>End action : println(verifyElementPropertyValue(responseOne, \&amp;quot;data[0].email\&amp;quot;, \&amp;quot;eve.holt@reqres.in\&amp;quot;))</message>
  <nestedLevel>1</nestedLevel>
</record>
<record>
  <date>2019-08-06T09:07:43</date>
  <millis>1565107663418</millis>
  <sequence>46</sequence>
  <level>START</level>
  <class>com.kms.katalon.core.logging.XmlKeywordLogger</class>
  <method>startKeyword</method>
  <thread>1</thread>
  <message>Start action : println(verifyResponseStatusCode(responseTwo, 200))</message>
  <nestedLevel>1</nestedLevel>
  <property name="startLine">28</property>
  <property name="stepIndex">7</property>
</record>
<record>
  <date>2019-08-06T09:07:43</date>
  <millis>1565107663431</millis>
  <sequence>48</sequence>
  <level>PASSED</level>
  <class>com.kms.katalon.core.logging.XmlKeywordLogger</class>
  <method>logMessage</method>
  <thread>1</thread>
  <message>Verify response status code successfully</message>
  <nestedLevel>1</nestedLevel>
</record>
<record>
  <date>2019-08-06T09:07:43</date>
  <millis>1565107663435</millis>
  <sequence>49</sequence>
  <level>END</level>
  <class>com.kms.katalon.core.logging.XmlKeywordLogger</class>
  <method>endKeyword</method>
  <thread>1</thread>
  <message>End action : println(verifyResponseStatusCode(responseTwo, 200))</message>
  <nestedLevel>1</nestedLevel>
</record>
<record>
  <date>2019-08-06T09:07:43</date>
  <millis>1565107663437</millis>
  <sequence>50</sequence>
  <level>START</level>
  <class>com.kms.katalon.core.logging.XmlKeywordLogger</class>
  <method>startKeyword</method>
  <thread>1</thread>
  <message>Start action : println(verifyElementsCount(responseOne, \&amp;quot;data\&amp;quot;, 3))</message>
  <nestedLevel>1</nestedLevel>
  <property name="startLine">30</property>
  <property name="stepIndex">8</property>
</record>
<record>
  <date>2019-08-06T09:07:43</date>
  <millis>1565107663494</millis>
  <sequence>52</sequence>
  <level>PASSED</level>
  <class>com.kms.katalon.core.logging.XmlKeywordLogger</class>
  <method>logMessage</method>
  <thread>1</thread>
  <message>Verify element count successfully</message>
  <nestedLevel>1</nestedLevel>
</record>
<record>
  <date>2019-08-06T09:07:43</date>
  <millis>1565107663496</millis>
  <sequence>53</sequence>
  <level>END</level>
  <class>com.kms.katalon.core.logging.XmlKeywordLogger</class>
  <method>endKeyword</method>
  <thread>1</thread>
  <message>End action : println(verifyElementsCount(responseOne, \&amp;quot;data\&amp;quot;, 3))</message>
  <nestedLevel>1</nestedLevel>
</record>
<record>
  <date>2019-08-06T09:07:43</date>
  <millis>1565107663496</millis>
  <sequence>54</sequence>
  <level>START</level>
  <class>com.kms.katalon.core.logging.XmlKeywordLogger</class>
  <method>startKeyword</method>
  <thread>1</thread>
  <message>Start action : println(verifyResponseStatusCodeInRange(responseOne, 200, 205))</message>
  <nestedLevel>1</nestedLevel>
  <property name="startLine">32</property>
  <property name="stepIndex">9</property>
</record>
<record>
  <date>2019-08-06T09:07:43</date>
  <millis>1565107663513</millis>
  <sequence>56</sequence>
  <level>PASSED</level>
  <class>com.kms.katalon.core.logging.XmlKeywordLogger</class>
  <method>logMessage</method>
  <thread>1</thread>
  <message>Verify response status code successfully</message>
  <nestedLevel>1</nestedLevel>
</record>
<record>
  <date>2019-08-06T09:07:43</date>
  <millis>1565107663515</millis>
  <sequence>57</sequence>
  <level>END</level>
  <class>com.kms.katalon.core.logging.XmlKeywordLogger</class>
  <method>endKeyword</method>
  <thread>1</thread>
  <message>End action : println(verifyResponseStatusCodeInRange(responseOne, 200, 205))</message>
  <nestedLevel>1</nestedLevel>
</record>
<record>
  <date>2019-08-06T09:07:43</date>
  <millis>1565107663515</millis>
  <sequence>58</sequence>
  <level>PASSED</level>
  <class>com.kms.katalon.core.logging.XmlKeywordLogger</class>
  <method>logMessage</method>
  <thread>1</thread>
  <message>Test Cases/ApiTC</message>
  <nestedLevel>1</nestedLevel>
</record>
<record>
  <date>2019-08-06T09:07:43</date>
  <millis>1565107663517</millis>
  <sequence>59</sequence>
  <level>END</level>
  <class>com.kms.katalon.core.logging.XmlKeywordLogger</class>
  <method>endTest</method>
  <thread>1</thread>
  <message>End Test Case : Test Cases/ApiTC</message>
  <nestedLevel>0</nestedLevel>
</record>
<record>
  <date>2019-08-06T09:07:43</date>
  <millis>1565107663523</millis>
  <sequence>60</sequence>
  <level>START</level>
  <class>com.kms.katalon.core.logging.XmlKeywordLogger</class>
  <method>startTest</method>
  <thread>1</thread>
  <message>Start Test Case : Test Cases/SOAPTC</message>
  <nestedLevel>1</nestedLevel>
  <property name="name">Test Cases/SOAPTC</property>
  <property name="description"></property>
  <property name="id">Test Cases/SOAPTC</property>
  <property name="source">C:\\Users\\Hamza\\Katalon Studio\\ApiPartOne\\Test Cases\\SOAPTC.tc</property>
  <property name="tag"></property>
  <property name="isOptional">false</property>
</record>
<record>
  <date>2019-08-06T09:07:43</date>
  <millis>1565107663826</millis>
  <sequence>62</sequence>
  <level>START</level>
  <class>com.kms.katalon.core.logging.XmlKeywordLogger</class>
  <method>startKeyword</method>
  <thread>1</thread>
  <message>Start action : responseOne = sendRequest(findTestObject(\&amp;quot;Soap/addRequest\&amp;quot;))</message>
  <nestedLevel>1</nestedLevel>
  <property name="startLine">16</property>
  <property name="stepIndex">1</property>
</record>
<record>
  <date>2019-08-06T09:07:44</date>
  <millis>1565107664988</millis>
  <sequence>66</sequence>
  <level>INFO</level>
  <class>com.kms.katalon.core.logging.XmlKeywordLogger</class>
  <method>logMessage</method>
  <thread>1</thread>
  <message>HAR: C:\\Users\\Hamza\\Katalon Studio\\ApiPartOne\\Reports\\ApiAndSoap\\20190806_090737\\requests\\main\\5.har</message>
  <nestedLevel>1</nestedLevel>
  <property name="harId">e46befe5-a28d-4c6b-b433-2477e5b35025</property>
</record>
<record>
  <date>2019-08-06T09:07:44</date>
  <millis>1565107664989</millis>
  <sequence>67</sequence>
  <level>PASSED</level>
  <class>com.kms.katalon.core.logging.XmlKeywordLogger</class>
  <method>logMessage</method>
  <thread>1</thread>
  <message>Send request successfully</message>
  <nestedLevel>1</nestedLevel>
</record>
<record>
  <date>2019-08-06T09:07:44</date>
  <millis>1565107664990</millis>
  <sequence>68</sequence>
  <level>END</level>
  <class>com.kms.katalon.core.logging.XmlKeywordLogger</class>
  <method>endKeyword</method>
  <thread>1</thread>
  <message>End action : responseOne = sendRequest(findTestObject(\&amp;quot;Soap/addRequest\&amp;quot;))</message>
  <nestedLevel>1</nestedLevel>
</record>
<record>
  <date>2019-08-06T09:07:44</date>
  <millis>1565107664990</millis>
  <sequence>69</sequence>
  <level>START</level>
  <class>com.kms.katalon.core.logging.XmlKeywordLogger</class>
  <method>startKeyword</method>
  <thread>1</thread>
  <message>Start action : responseTwo = sendRequest(findTestObject(\&amp;quot;Soap/DivideRequest\&amp;quot;))</message>
  <nestedLevel>1</nestedLevel>
  <property name="startLine">18</property>
  <property name="stepIndex">2</property>
</record>
<record>
  <date>2019-08-06T09:07:45</date>
  <millis>1565107665495</millis>
  <sequence>73</sequence>
  <level>INFO</level>
  <class>com.kms.katalon.core.logging.XmlKeywordLogger</class>
  <method>logMessage</method>
  <thread>1</thread>
  <message>HAR: C:\\Users\\Hamza\\Katalon Studio\\ApiPartOne\\Reports\\ApiAndSoap\\20190806_090737\\requests\\main\\6.har</message>
  <nestedLevel>1</nestedLevel>
  <property name="harId">34bc684e-a3ba-4333-ad1f-7bbada23e75a</property>
</record>
<record>
  <date>2019-08-06T09:07:45</date>
  <millis>1565107665496</millis>
  <sequence>74</sequence>
  <level>PASSED</level>
  <class>com.kms.katalon.core.logging.XmlKeywordLogger</class>
  <method>logMessage</method>
  <thread>1</thread>
  <message>Send request successfully</message>
  <nestedLevel>1</nestedLevel>
</record>
<record>
  <date>2019-08-06T09:07:45</date>
  <millis>1565107665497</millis>
  <sequence>75</sequence>
  <level>END</level>
  <class>com.kms.katalon.core.logging.XmlKeywordLogger</class>
  <method>endKeyword</method>
  <thread>1</thread>
  <message>End action : responseTwo = sendRequest(findTestObject(\&amp;quot;Soap/DivideRequest\&amp;quot;))</message>
  <nestedLevel>1</nestedLevel>
</record>
<record>
  <date>2019-08-06T09:07:45</date>
  <millis>1565107665497</millis>
  <sequence>76</sequence>
  <level>START</level>
  <class>com.kms.katalon.core.logging.XmlKeywordLogger</class>
  <method>startKeyword</method>
  <thread>1</thread>
  <message>Start action : responseThree = sendRequest(findTestObject(\&amp;quot;Soap/multiPlyRequest\&amp;quot;))</message>
  <nestedLevel>1</nestedLevel>
  <property name="startLine">20</property>
  <property name="stepIndex">3</property>
</record>
<record>
  <date>2019-08-06T09:07:46</date>
  <millis>1565107666164</millis>
  <sequence>80</sequence>
  <level>INFO</level>
  <class>com.kms.katalon.core.logging.XmlKeywordLogger</class>
  <method>logMessage</method>
  <thread>1</thread>
  <message>HAR: C:\\Users\\Hamza\\Katalon Studio\\ApiPartOne\\Reports\\ApiAndSoap\\20190806_090737\\requests\\main\\7.har</message>
  <nestedLevel>1</nestedLevel>
  <property name="harId">fe5e1f15-18d9-4f51-a89b-fddb25f9a1ee</property>
</record>
<record>
  <date>2019-08-06T09:07:46</date>
  <millis>1565107666165</millis>
  <sequence>81</sequence>
  <level>PASSED</level>
  <class>com.kms.katalon.core.logging.XmlKeywordLogger</class>
  <method>logMessage</method>
  <thread>1</thread>
  <message>Send request successfully</message>
  <nestedLevel>1</nestedLevel>
</record>
<record>
  <date>2019-08-06T09:07:46</date>
  <millis>1565107666165</millis>
  <sequence>82</sequence>
  <level>END</level>
  <class>com.kms.katalon.core.logging.XmlKeywordLogger</class>
  <method>endKeyword</method>
  <thread>1</thread>
  <message>End action : responseThree = sendRequest(findTestObject(\&amp;quot;Soap/multiPlyRequest\&amp;quot;))</message>
  <nestedLevel>1</nestedLevel>
</record>
<record>
  <date>2019-08-06T09:07:46</date>
  <millis>1565107666166</millis>
  <sequence>83</sequence>
  <level>START</level>
  <class>com.kms.katalon.core.logging.XmlKeywordLogger</class>
  <method>startKeyword</method>
  <thread>1</thread>
  <message>Start action : responseFour = sendRequest(findTestObject(\&amp;quot;Soap/substractRequest\&amp;quot;))</message>
  <nestedLevel>1</nestedLevel>
  <property name="startLine">22</property>
  <property name="stepIndex">4</property>
</record>
<record>
  <date>2019-08-06T09:07:46</date>
  <millis>1565107666704</millis>
  <sequence>87</sequence>
  <level>INFO</level>
  <class>com.kms.katalon.core.logging.XmlKeywordLogger</class>
  <method>logMessage</method>
  <thread>1</thread>
  <message>HAR: C:\\Users\\Hamza\\Katalon Studio\\ApiPartOne\\Reports\\ApiAndSoap\\20190806_090737\\requests\\main\\8.har</message>
  <nestedLevel>1</nestedLevel>
  <property name="harId">2415beae-13b9-46f9-98c3-d02bf54cb3f2</property>
</record>
<record>
  <date>2019-08-06T09:07:46</date>
  <millis>1565107666705</millis>
  <sequence>88</sequence>
  <level>PASSED</level>
  <class>com.kms.katalon.core.logging.XmlKeywordLogger</class>
  <method>logMessage</method>
  <thread>1</thread>
  <message>Send request successfully</message>
  <nestedLevel>1</nestedLevel>
</record>
<record>
  <date>2019-08-06T09:07:46</date>
  <millis>1565107666706</millis>
  <sequence>89</sequence>
  <level>END</level>
  <class>com.kms.katalon.core.logging.XmlKeywordLogger</class>
  <method>endKeyword</method>
  <thread>1</thread>
  <message>End action : responseFour = sendRequest(findTestObject(\&amp;quot;Soap/substractRequest\&amp;quot;))</message>
  <nestedLevel>1</nestedLevel>
</record>
<record>
  <date>2019-08-06T09:07:46</date>
  <millis>1565107666706</millis>
  <sequence>90</sequence>
  <level>START</level>
  <class>com.kms.katalon.core.logging.XmlKeywordLogger</class>
  <method>startKeyword</method>
  <thread>1</thread>
  <message>Start action : println(verifyElementText(responseOne, \&amp;quot;AddResponse.AddResult\&amp;quot;, \&amp;quot;20\&amp;quot;))</message>
  <nestedLevel>1</nestedLevel>
  <property name="startLine">24</property>
  <property name="stepIndex">5</property>
</record>
<record>
  <date>2019-08-06T09:07:46</date>
  <millis>1565107666827</millis>
  <sequence>92</sequence>
  <level>PASSED</level>
  <class>com.kms.katalon.core.logging.XmlKeywordLogger</class>
  <method>logMessage</method>
  <thread>1</thread>
  <message>Verify element text successfully</message>
  <nestedLevel>1</nestedLevel>
</record>
<record>
  <date>2019-08-06T09:07:46</date>
  <millis>1565107666833</millis>
  <sequence>93</sequence>
  <level>END</level>
  <class>com.kms.katalon.core.logging.XmlKeywordLogger</class>
  <method>endKeyword</method>
  <thread>1</thread>
  <message>End action : println(verifyElementText(responseOne, \&amp;quot;AddResponse.AddResult\&amp;quot;, \&amp;quot;20\&amp;quot;))</message>
  <nestedLevel>1</nestedLevel>
</record>
<record>
  <date>2019-08-06T09:07:46</date>
  <millis>1565107666837</millis>
  <sequence>94</sequence>
  <level>START</level>
  <class>com.kms.katalon.core.logging.XmlKeywordLogger</class>
  <method>startKeyword</method>
  <thread>1</thread>
  <message>Start action : println(verifyElementText(responseTwo, \&amp;quot;DivideResponse.DivideResult\&amp;quot;, \&amp;quot;2\&amp;quot;))</message>
  <nestedLevel>1</nestedLevel>
  <property name="startLine">26</property>
  <property name="stepIndex">6</property>
</record>
<record>
  <date>2019-08-06T09:07:46</date>
  <millis>1565107666930</millis>
  <sequence>96</sequence>
  <level>PASSED</level>
  <class>com.kms.katalon.core.logging.XmlKeywordLogger</class>
  <method>logMessage</method>
  <thread>1</thread>
  <message>Verify element text successfully</message>
  <nestedLevel>1</nestedLevel>
</record>
<record>
  <date>2019-08-06T09:07:46</date>
  <millis>1565107666932</millis>
  <sequence>97</sequence>
  <level>END</level>
  <class>com.kms.katalon.core.logging.XmlKeywordLogger</class>
  <method>endKeyword</method>
  <thread>1</thread>
  <message>End action : println(verifyElementText(responseTwo, \&amp;quot;DivideResponse.DivideResult\&amp;quot;, \&amp;quot;2\&amp;quot;))</message>
  <nestedLevel>1</nestedLevel>
</record>
<record>
  <date>2019-08-06T09:07:46</date>
  <millis>1565107666932</millis>
  <sequence>98</sequence>
  <level>START</level>
  <class>com.kms.katalon.core.logging.XmlKeywordLogger</class>
  <method>startKeyword</method>
  <thread>1</thread>
  <message>Start action : println(verifyElementText(responseThree, \&amp;quot;MultiplyResponse.MultiplyResult\&amp;quot;, \&amp;quot;20\&amp;quot;))</message>
  <nestedLevel>1</nestedLevel>
  <property name="startLine">28</property>
  <property name="stepIndex">7</property>
</record>
<record>
  <date>2019-08-06T09:07:46</date>
  <millis>1565107666977</millis>
  <sequence>100</sequence>
  <level>PASSED</level>
  <class>com.kms.katalon.core.logging.XmlKeywordLogger</class>
  <method>logMessage</method>
  <thread>1</thread>
  <message>Verify element text successfully</message>
  <nestedLevel>1</nestedLevel>
</record>
<record>
  <date>2019-08-06T09:07:46</date>
  <millis>1565107666978</millis>
  <sequence>101</sequence>
  <level>END</level>
  <class>com.kms.katalon.core.logging.XmlKeywordLogger</class>
  <method>endKeyword</method>
  <thread>1</thread>
  <message>End action : println(verifyElementText(responseThree, \&amp;quot;MultiplyResponse.MultiplyResult\&amp;quot;, \&amp;quot;20\&amp;quot;))</message>
  <nestedLevel>1</nestedLevel>
</record>
<record>
  <date>2019-08-06T09:07:46</date>
  <millis>1565107666978</millis>
  <sequence>102</sequence>
  <level>START</level>
  <class>com.kms.katalon.core.logging.XmlKeywordLogger</class>
  <method>startKeyword</method>
  <thread>1</thread>
  <message>Start action : println(verifyElementText(responseFour, \&amp;quot;SubtractResponse.SubtractResult\&amp;quot;, \&amp;quot;2\&amp;quot;))</message>
  <nestedLevel>1</nestedLevel>
  <property name="startLine">30</property>
  <property name="stepIndex">8</property>
</record>
<record>
  <date>2019-08-06T09:07:47</date>
  <millis>1565107667006</millis>
  <sequence>104</sequence>
  <level>PASSED</level>
  <class>com.kms.katalon.core.logging.XmlKeywordLogger</class>
  <method>logMessage</method>
  <thread>1</thread>
  <message>Verify element text successfully</message>
  <nestedLevel>1</nestedLevel>
</record>
<record>
  <date>2019-08-06T09:07:47</date>
  <millis>1565107667006</millis>
  <sequence>105</sequence>
  <level>END</level>
  <class>com.kms.katalon.core.logging.XmlKeywordLogger</class>
  <method>endKeyword</method>
  <thread>1</thread>
  <message>End action : println(verifyElementText(responseFour, \&amp;quot;SubtractResponse.SubtractResult\&amp;quot;, \&amp;quot;2\&amp;quot;))</message>
  <nestedLevel>1</nestedLevel>
</record>
<record>
  <date>2019-08-06T09:07:47</date>
  <millis>1565107667007</millis>
  <sequence>106</sequence>
  <level>PASSED</level>
  <class>com.kms.katalon.core.logging.XmlKeywordLogger</class>
  <method>logMessage</method>
  <thread>1</thread>
  <message>Test Cases/SOAPTC</message>
  <nestedLevel>1</nestedLevel>
</record>
<record>
  <date>2019-08-06T09:07:47</date>
  <millis>1565107667007</millis>
  <sequence>107</sequence>
  <level>END</level>
  <class>com.kms.katalon.core.logging.XmlKeywordLogger</class>
  <method>endTest</method>
  <thread>1</thread>
  <message>End Test Case : Test Cases/SOAPTC</message>
  <nestedLevel>0</nestedLevel>
</record>
<record>
  <date>2019-08-06T09:07:47</date>
  <millis>1565107667009</millis>
  <sequence>108</sequence>
  <level>START</level>
  <class>com.kms.katalon.core.logging.XmlKeywordLogger</class>
  <method>startKeyword</method>
  <thread>1</thread>
  <message>Start listener action : exportKatalonReports</message>
  <nestedLevel>0</nestedLevel>
</record>
<record>
  <date>2019-08-06T09:07:47</date>
  <millis>1565107667146</millis>
  <sequence>254</sequence>
  <level>INFO</level>
  <class>com.kms.katalon.core.logging.XmlKeywordLogger</class>
  <method>logMessage</method>
  <thread>1</thread>
  <message>Start generating HTML report folder at: C:\\Users\\Hamza\\Katalon Studio\\ApiPartOne\\Reports\\ApiAndSoap\\20190806_090737...</message>
  <nestedLevel>0</nestedLevel>
</record>
<record>
  <date>2019-08-06T09:07:47</date>
  <millis>1565107667169</millis>
  <sequence>255</sequence>
  <level>INFO</level>
  <class>com.kms.katalon.core.logging.XmlKeywordLogger</class>
  <method>logMessage</method>
  <thread>1</thread>
  <message>HTML report generated</message>
  <nestedLevel>0</nestedLevel>
</record>
<record>
  <date>2019-08-06T09:07:47</date>
  <millis>1565107667169</millis>
  <sequence>256</sequence>
  <level>INFO</level>
  <class>com.kms.katalon.core.logging.XmlKeywordLogger</class>
  <method>logMessage</method>
  <thread>1</thread>
  <message>Start generating CSV report folder at: C:\\Users\\Hamza\\Katalon Studio\\ApiPartOne\\Reports\\ApiAndSoap\\20190806_090737...</message>
  <nestedLevel>0</nestedLevel>
</record>
<record>
  <date>2019-08-06T09:07:47</date>
  <millis>1565107667190</millis>
  <sequence>257</sequence>
  <level>INFO</level>
  <class>com.kms.katalon.core.logging.XmlKeywordLogger</class>
  <method>logMessage</method>
  <thread>1</thread>
  <message>CSV report generated</message>
  <nestedLevel>0</nestedLevel>
</record>
<record>
  <date>2019-08-06T09:07:47</date>
  <millis>1565107667191</millis>
  <sequence>258</sequence>
  <level>INFO</level>
  <class>com.kms.katalon.core.logging.XmlKeywordLogger</class>
  <method>logMessage</method>
  <thread>1</thread>
  <message>Start generating JUnit report folder at: C:\\Users\\Hamza\\Katalon Studio\\ApiPartOne\\Reports\\ApiAndSoap\\20190806_090737...</message>
  <nestedLevel>0</nestedLevel>
</record>
<record>
  <date>2019-08-06T09:07:47</date>
  <millis>1565107667319</millis>
  <sequence>259</sequence>
  <level>INFO</level>
  <class>com.kms.katalon.core.logging.XmlKeywordLogger</class>
  <method>logMessage</method>
  <thread>1</thread>
  <message>JUnit report generated</message>
  <nestedLevel>0</nestedLevel>
</record>
<record>
  <date>2019-08-06T09:07:47</date>
  <millis>1565107667319</millis>
  <sequence>261</sequence>
  <level>END</level>
  <class>com.kms.katalon.core.logging.XmlKeywordLogger</class>
  <method>endKeyword</method>
  <thread>1</thread>
  <message>End listener action : exportKatalonReports</message>
  <nestedLevel>0</nestedLevel>
</record>
<record>
  <date>2019-08-06T09:07:47</date>
  <millis>1565107667370</millis>
  <sequence>262</sequence>
  <level>END</level>
  <class>com.kms.katalon.core.logging.XmlKeywordLogger</class>
  <method>endSuite</method>
  <thread>1</thread>
  <message>End Test Suite : Test Suites/ApiAndSoap</message>
  <nestedLevel>0</nestedLevel>
</record>
</log>